#
# A fatal error has been detected by the Java Runtime Environment:
#
#  EXCEPTION_ACCESS_VIOLATION (0xc0000005) at pc=0x000000006ec4b5bb, pid=18372, tid=19696
#
# JRE version: Java(TM) SE Runtime Environment (17.0.2+8) (build 17.0.2+8-LTS-86)
# Java VM: Java HotSpot(TM) 64-Bit Server VM (17.0.2+8-LTS-86, mixed mode, sharing, tiered, compressed oops, compressed class ptrs, g1 gc, windows-amd64)
# Problematic frame:
# C  [jSSC-2.7_x86_64.dll+0xb5bb]
#
# No core dump will be written. Minidumps are not enabled by default on client versions of Windows
#
# If you would like to submit a bug report, please visit:
#   https://bugreport.java.com/bugreport/crash.jsp
# The crash happened outside the Java Virtual Machine in native code.
# See problematic frame for where to report the bug.
#

---------------  S U M M A R Y ------------

Command Line: com.mycompany.scalereader.main

Host: Intel(R) Core(TM) i5-2500 CPU @ 3.30GHz, 4 cores, 15G,  Windows 10 , 64 bit Build 19041 (10.0.19041.1706)
Time: Fri Jun  3 22:06:54 2022 South Africa Standard Time elapsed time: 0.116528 seconds (0d 0h 0m 0s)

---------------  T H R E A D  ---------------

Current thread (0x000001d0cc230130):  JavaThread "main" [_thread_in_native, id=19696, stack(0x0000007796300000,0x0000007796400000)]

Stack: [0x0000007796300000,0x0000007796400000],  sp=0x00000077963ff270,  free space=1020k
Native frames: (J=compiled Java code, j=interpreted, Vv=VM code, C=native code)
C  [jSSC-2.7_x86_64.dll+0xb5bb]

Java frames: (J=compiled Java code, j=interpreted, Vv=VM code)
j  jssc.SerialNativeInterface.openPort(Ljava/lang/String;Z)J+0
j  jssc.SerialPort.openPort()Z+65
j  com.mycompany.scalereader.main.main([Ljava/lang/String;)V+14
v  ~StubRoutines::call_stub

siginfo: EXCEPTION_ACCESS_VIOLATION (0xc0000005), reading address 0xffffffffca3f25d0


Register to memory mapping:

RIP=0x000000006ec4b5bb jSSC-2.7_x86_64.dll
RAX=0xffffffffca3f25d0 is an unknown value
RBX=0x00000077963ff2e0 is pointing into the stack for thread: 0x000001d0cc230130
RCX=0x00007ffd72f0cf24 ntdll.dll
RDX=0x0 is NULL
RSP=0x00000077963ff270 is pointing into the stack for thread: 0x000001d0cc230130
RBP=0x00000077963ff3f0 is pointing into the stack for thread: 0x000001d0cc230130
RSI=0x000001d0cc2303d8 points into unknown readable memory: 0x00007ffcfd615640 | 40 56 61 fd fc 7f 00 00
RDI=0x0000000000000408 is an unknown value
R8 =0x00000077963ff168 is pointing into the stack for thread: 0x000001d0cc230130
R9 =0x00000077963ff260 is pointing into the stack for thread: 0x000001d0cc230130
R10=0x0 is NULL
R11=0x0000000000000246 is an unknown value
R12=0x00000077963ff4b0 is pointing into the stack for thread: 0x000001d0cc230130
R13=0x000001d0ef1e5220 points into unknown readable memory: 0x000000000000005c | 5c 00 00 00 00 00 00 00
R14=0x00000077963ff3a0 is pointing into the stack for thread: 0x000001d0cc230130
R15=0x000001d0cc230130 is a thread


Registers:
RAX=0xffffffffca3f25d0, RBX=0x00000077963ff2e0, RCX=0x00007ffd72f0cf24, RDX=0x0000000000000000
RSP=0x00000077963ff270, RBP=0x00000077963ff3f0, RSI=0x000001d0cc2303d8, RDI=0x0000000000000408
R8 =0x00000077963ff168, R9 =0x00000077963ff260, R10=0x0000000000000000, R11=0x0000000000000246
R12=0x00000077963ff4b0, R13=0x000001d0ef1e5220, R14=0x00000077963ff3a0, R15=0x000001d0cc230130
RIP=0x000000006ec4b5bb, EFLAGS=0x0000000000010206

Top of Stack: (sp=0x00000077963ff270)
0x00000077963ff270:   000001d0ef218530 000001d0ef1e4e70
0x00000077963ff280:   000000006ec4b210 000001d0ca110000
0x00000077963ff290:   000001d0ca0c0000 0000000000000004
0x00000077963ff2a0:   000001d0cc2303d8 0000000000000408
0x00000077963ff2b0:   00000077963ff3f0 000000006ec52570
0x00000077963ff2c0:   000001d0cc230130 00000077963ff3a0
0x00000077963ff2d0:   000001d0ef1e5220 00000077963ff4b0
0x00000077963ff2e0:   000001d0ef1e5220 00007ffd72e947b1
0x00000077963ff2f0:   00000077963ff320 000001d0ca110000
0x00000077963ff300:   00000077963ff3f0 0000000000000000
0x00000077963ff310:   000000006ec534e0 000000006ec53bc8
0x00000077963ff320:   00000077963ff350 000000006ec52621
0x00000077963ff330:   00000077963ff2c0 000001d0cc2303d8
0x00000077963ff340:   0000000000000000 0000000000000000
0x00000077963ff350:   00000077963ff3f0 000000006ec41575
0x00000077963ff360:   000000000000001c 000001d000000000 

Instructions: (pc=0x000000006ec4b5bb)
0x000000006ec4b4bb:   48 85 c0 74 bf 44 8b 03 45 85 c0 0f 84 77 ff ff
0x000000006ec4b4cb:   ff eb 9f 66 90 e8 8b fe ff ff 48 89 05 2c 34 01
0x000000006ec4b4db:   00 eb ad 66 90 e8 7b fe ff ff 48 89 05 1c 34 01
0x000000006ec4b4eb:   00 eb 8b e8 8d fe ff ff c7 03 01 00 00 00 e9 6f
0x000000006ec4b4fb:   ff ff ff 66 90 55 48 89 e5 56 53 48 83 ec 20 48
0x000000006ec4b50b:   8b 05 f7 33 01 00 48 8b 31 48 89 cb 48 85 c0 74
0x000000006ec4b51b:   56 44 8b 18 45 85 db 78 42 48 8b 05 dd 33 01 00
0x000000006ec4b52b:   48 85 c0 74 50 44 8b 10 45 85 d2 74 1d 48 89 f1
0x000000006ec4b53b:   e8 d0 fd ff ff 48 8b 13 48 8d 42 40 48 8b 48 08
0x000000006ec4b54b:   48 8b 6a 40 48 8b 60 10 ff e1 48 8b 05 bc 33 01
0x000000006ec4b55b:   00 48 85 c0 74 2d 48 89 30 eb da e8 b5 fe ff ff
0x000000006ec4b56b:   0f 1f 44 00 00 eb b2 e8 e9 fd ff ff 48 89 05 8a
0x000000006ec4b57b:   33 01 00 eb 9c e8 db fd ff ff 48 89 05 7c 33 01
0x000000006ec4b58b:   00 eb a2 e8 3d fd ff ff 48 89 05 7e 33 01 00 eb
0x000000006ec4b59b:   c5 0f 1f 40 00 55 57 56 53 48 83 ec 28 48 8b 05
0x000000006ec4b5ab:   59 33 01 00 48 89 cb 48 85 c0 0f 84 c5 00 00 00
0x000000006ec4b5bb:   8b 38 85 ff 0f 88 ab 00 00 00 48 8b 05 3c 33 01
0x000000006ec4b5cb:   00 48 85 c0 0f 84 bc 00 00 00 8b 30 85 f6 74 57
0x000000006ec4b5db:   48 8b 05 2e 33 01 00 48 85 c0 0f 84 e5 00 00 00
0x000000006ec4b5eb:   8b 28 48 8b 35 30 5e 01 00 ff d6 89 c7 89 e9 ff
0x000000006ec4b5fb:   15 14 5f 01 00 89 f9 48 89 c5 ff 15 d9 5e 01 00
0x000000006ec4b60b:   48 8b 05 fe 32 01 00 48 89 2b 48 85 c0 74 46 48
0x000000006ec4b61b:   89 da 8b 08 ff 15 f7 5e 01 00 85 c0 74 27 48 83
0x000000006ec4b62b:   c4 28 5b 5e 5f 5d c3 48 8b 05 df 32 01 00 48 85
0x000000006ec4b63b:   c0 74 64 48 8b 10 48 89 13 48 89 18 48 83 c4 28
0x000000006ec4b64b:   5b 5e 5f 5d c3 48 89 f2 48 83 c4 28 5b 5e 5f 5d
0x000000006ec4b65b:   48 ff e2 66 90 e8 8b fc ff ff 48 89 05 a4 32 01
0x000000006ec4b66b:   00 eb ac 66 90 e8 ab fd ff ff e9 4b ff ff ff 66
0x000000006ec4b67b:   0f 1f 44 00 00 e8 db fc ff ff 48 89 05 7c 32 01
0x000000006ec4b68b:   00 e9 2a ff ff ff e8 ca fc ff ff 48 89 05 6b 32
0x000000006ec4b69b:   01 00 e9 33 ff ff ff e8 29 fc ff ff 48 89 05 6a
0x000000006ec4b6ab:   32 01 00 48 8b 10 48 85 c0 48 89 13 75 8b e8 12 


Stack slot to memory mapping:
stack at sp + 0 slots: 0x000001d0ef218530 points into unknown readable memory: 0x005c002e005c005c | 5c 00 5c 00 2e 00 5c 00
stack at sp + 1 slots: 0x000001d0ef1e4e70 points into unknown readable memory: 0x000001d0ef1d5990 | 90 59 1d ef d0 01 00 00
stack at sp + 2 slots: 0x000000006ec4b210 jSSC-2.7_x86_64.dll
stack at sp + 3 slots: 0x000001d0ca110000 points into unknown readable memory: 0x0000000000000000 | 00 00 00 00 00 00 00 00
stack at sp + 4 slots: 0x000001d0ca0c0000 points into unknown readable memory: 0x0000000000000000 | 00 00 00 00 00 00 00 00
stack at sp + 5 slots: 0x0000000000000004 is an unknown value
stack at sp + 6 slots: 0x000001d0cc2303d8 points into unknown readable memory: 0x00007ffcfd615640 | 40 56 61 fd fc 7f 00 00
stack at sp + 7 slots: 0x0000000000000408 is an unknown value


---------------  P R O C E S S  ---------------

Threads class SMR info:
_java_thread_list=0x000001d0ef1ef6b0, length=12, elements={
0x000001d0cc230130, 0x000001d0ee713a70, 0x000001d0ee7148e0, 0x000001d0ee72d570,
0x000001d0ee731440, 0x000001d0ee7335a0, 0x000001d0ee737bf0, 0x000001d0ee739070,
0x000001d0ee73a2b0, 0x000001d0ee747840, 0x000001d0ef1e5280, 0x000001d0ef1ee1a0
}

Java Threads: ( => current thread )
=>0x000001d0cc230130 JavaThread "main" [_thread_in_native, id=19696, stack(0x0000007796300000,0x0000007796400000)]
  0x000001d0ee713a70 JavaThread "Reference Handler" daemon [_thread_blocked, id=11376, stack(0x0000007796a00000,0x0000007796b00000)]
  0x000001d0ee7148e0 JavaThread "Finalizer" daemon [_thread_blocked, id=7828, stack(0x0000007796b00000,0x0000007796c00000)]
  0x000001d0ee72d570 JavaThread "Signal Dispatcher" daemon [_thread_blocked, id=8804, stack(0x0000007796c00000,0x0000007796d00000)]
  0x000001d0ee731440 JavaThread "Attach Listener" daemon [_thread_blocked, id=11528, stack(0x0000007796d00000,0x0000007796e00000)]
  0x000001d0ee7335a0 JavaThread "Service Thread" daemon [_thread_blocked, id=19000, stack(0x0000007796e00000,0x0000007796f00000)]
  0x000001d0ee737bf0 JavaThread "Monitor Deflation Thread" daemon [_thread_blocked, id=7216, stack(0x0000007796f00000,0x0000007797000000)]
  0x000001d0ee739070 JavaThread "C2 CompilerThread0" daemon [_thread_blocked, id=5880, stack(0x0000007797000000,0x0000007797100000)]
  0x000001d0ee73a2b0 JavaThread "C1 CompilerThread0" daemon [_thread_blocked, id=1528, stack(0x0000007797100000,0x0000007797200000)]
  0x000001d0ee747840 JavaThread "Sweeper thread" daemon [_thread_blocked, id=8380, stack(0x0000007797200000,0x0000007797300000)]
  0x000001d0ef1e5280 JavaThread "Notification Thread" daemon [_thread_blocked, id=2888, stack(0x0000007797300000,0x0000007797400000)]
  0x000001d0ef1ee1a0 JavaThread "Common-Cleaner" daemon [_thread_blocked, id=9556, stack(0x0000007797500000,0x0000007797600000)]

Other Threads:
  0x000001d0ee70eed0 VMThread "VM Thread" [stack: 0x0000007796900000,0x0000007796a00000] [id=9508]
  0x000001d0ee71b130 WatcherThread [stack: 0x0000007797400000,0x0000007797500000] [id=13608]
  0x000001d0cc27f5d0 GCTaskThread "GC Thread#0" [stack: 0x0000007796400000,0x0000007796500000] [id=19996]
  0x000001d0cc290ca0 ConcurrentGCThread "G1 Main Marker" [stack: 0x0000007796500000,0x0000007796600000] [id=20184]
  0x000001d0cc291e50 ConcurrentGCThread "G1 Conc#0" [stack: 0x0000007796600000,0x0000007796700000] [id=188]
  0x000001d0ee5ca0f0 ConcurrentGCThread "G1 Refine#0" [stack: 0x0000007796700000,0x0000007796800000] [id=2372]
  0x000001d0ee5caa20 ConcurrentGCThread "G1 Service" [stack: 0x0000007796800000,0x0000007796900000] [id=13304]

Threads with active compile tasks:

VM state: not at safepoint (normal execution)

VM Mutex/Monitor currently owned by a thread: None

Heap address: 0x0000000700800000, size: 4088 MB, Compressed Oops mode: Zero based, Oop shift amount: 3

CDS archive(s) mapped at: [0x0000000800000000-0x0000000800bc0000-0x0000000800bc0000), size 12320768, SharedBaseAddress: 0x0000000800000000, ArchiveRelocationMode: 0.
Compressed class space mapped at: 0x0000000800c00000-0x0000000840c00000, reserved size: 1073741824
Narrow klass base: 0x0000000800000000, Narrow klass shift: 0, Narrow klass range: 0x100000000

GC Precious Log:
 CPUs: 4 total, 4 available
 Memory: 16345M
 Large Page Support: Disabled
 NUMA Support: Disabled
 Compressed Oops: Enabled (Zero based)
 Heap Region Size: 2M
 Heap Min Capacity: 8M
 Heap Initial Capacity: 256M
 Heap Max Capacity: 4088M
 Pre-touch: Disabled
 Parallel Workers: 4
 Concurrent Workers: 1
 Concurrent Refinement Workers: 4
 Periodic GC: Disabled

Heap:
 garbage-first heap   total 262144K, used 0K [0x0000000700800000, 0x0000000800000000)
  region size 2048K, 1 young (2048K), 0 survivors (0K)
 Metaspace       used 353K, committed 512K, reserved 1056768K
  class space    used 23K, committed 128K, reserved 1048576K

Heap Regions: E=young(eden), S=young(survivor), O=old, HS=humongous(starts), HC=humongous(continues), CS=collection set, F=free, OA=open archive, CA=closed archive, TAMS=top-at-mark-start (previous, next)
|   0|0x0000000700800000, 0x0000000700800000, 0x0000000700a00000|  0%| F|  |TAMS 0x0000000700800000, 0x0000000700800000| Untracked 
|   1|0x0000000700a00000, 0x0000000700a00000, 0x0000000700c00000|  0%| F|  |TAMS 0x0000000700a00000, 0x0000000700a00000| Untracked 
|   2|0x0000000700c00000, 0x0000000700c00000, 0x0000000700e00000|  0%| F|  |TAMS 0x0000000700c00000, 0x0000000700c00000| Untracked 
|   3|0x0000000700e00000, 0x0000000700e00000, 0x0000000701000000|  0%| F|  |TAMS 0x0000000700e00000, 0x0000000700e00000| Untracked 
|   4|0x0000000701000000, 0x0000000701000000, 0x0000000701200000|  0%| F|  |TAMS 0x0000000701000000, 0x0000000701000000| Untracked 
|   5|0x0000000701200000, 0x0000000701200000, 0x0000000701400000|  0%| F|  |TAMS 0x0000000701200000, 0x0000000701200000| Untracked 
|   6|0x0000000701400000, 0x0000000701400000, 0x0000000701600000|  0%| F|  |TAMS 0x0000000701400000, 0x0000000701400000| Untracked 
|   7|0x0000000701600000, 0x0000000701600000, 0x0000000701800000|  0%| F|  |TAMS 0x0000000701600000, 0x0000000701600000| Untracked 
|   8|0x0000000701800000, 0x0000000701800000, 0x0000000701a00000|  0%| F|  |TAMS 0x0000000701800000, 0x0000000701800000| Untracked 
|   9|0x0000000701a00000, 0x0000000701a00000, 0x0000000701c00000|  0%| F|  |TAMS 0x0000000701a00000, 0x0000000701a00000| Untracked 
|  10|0x0000000701c00000, 0x0000000701c00000, 0x0000000701e00000|  0%| F|  |TAMS 0x0000000701c00000, 0x0000000701c00000| Untracked 
|  11|0x0000000701e00000, 0x0000000701e00000, 0x0000000702000000|  0%| F|  |TAMS 0x0000000701e00000, 0x0000000701e00000| Untracked 
|  12|0x0000000702000000, 0x0000000702000000, 0x0000000702200000|  0%| F|  |TAMS 0x0000000702000000, 0x0000000702000000| Untracked 
|  13|0x0000000702200000, 0x0000000702200000, 0x0000000702400000|  0%| F|  |TAMS 0x0000000702200000, 0x0000000702200000| Untracked 
|  14|0x0000000702400000, 0x0000000702400000, 0x0000000702600000|  0%| F|  |TAMS 0x0000000702400000, 0x0000000702400000| Untracked 
|  15|0x0000000702600000, 0x0000000702600000, 0x0000000702800000|  0%| F|  |TAMS 0x0000000702600000, 0x0000000702600000| Untracked 
|  16|0x0000000702800000, 0x0000000702800000, 0x0000000702a00000|  0%| F|  |TAMS 0x0000000702800000, 0x0000000702800000| Untracked 
|  17|0x0000000702a00000, 0x0000000702a00000, 0x0000000702c00000|  0%| F|  |TAMS 0x0000000702a00000, 0x0000000702a00000| Untracked 
|  18|0x0000000702c00000, 0x0000000702c00000, 0x0000000702e00000|  0%| F|  |TAMS 0x0000000702c00000, 0x0000000702c00000| Untracked 
|  19|0x0000000702e00000, 0x0000000702e00000, 0x0000000703000000|  0%| F|  |TAMS 0x0000000702e00000, 0x0000000702e00000| Untracked 
|  20|0x0000000703000000, 0x0000000703000000, 0x0000000703200000|  0%| F|  |TAMS 0x0000000703000000, 0x0000000703000000| Untracked 
|  21|0x0000000703200000, 0x0000000703200000, 0x0000000703400000|  0%| F|  |TAMS 0x0000000703200000, 0x0000000703200000| Untracked 
|  22|0x0000000703400000, 0x0000000703400000, 0x0000000703600000|  0%| F|  |TAMS 0x0000000703400000, 0x0000000703400000| Untracked 
|  23|0x0000000703600000, 0x0000000703600000, 0x0000000703800000|  0%| F|  |TAMS 0x0000000703600000, 0x0000000703600000| Untracked 
|  24|0x0000000703800000, 0x0000000703800000, 0x0000000703a00000|  0%| F|  |TAMS 0x0000000703800000, 0x0000000703800000| Untracked 
|  25|0x0000000703a00000, 0x0000000703a00000, 0x0000000703c00000|  0%| F|  |TAMS 0x0000000703a00000, 0x0000000703a00000| Untracked 
|  26|0x0000000703c00000, 0x0000000703c00000, 0x0000000703e00000|  0%| F|  |TAMS 0x0000000703c00000, 0x0000000703c00000| Untracked 
|  27|0x0000000703e00000, 0x0000000703e00000, 0x0000000704000000|  0%| F|  |TAMS 0x0000000703e00000, 0x0000000703e00000| Untracked 
|  28|0x0000000704000000, 0x0000000704000000, 0x0000000704200000|  0%| F|  |TAMS 0x0000000704000000, 0x0000000704000000| Untracked 
|  29|0x0000000704200000, 0x0000000704200000, 0x0000000704400000|  0%| F|  |TAMS 0x0000000704200000, 0x0000000704200000| Untracked 
|  30|0x0000000704400000, 0x0000000704400000, 0x0000000704600000|  0%| F|  |TAMS 0x0000000704400000, 0x0000000704400000| Untracked 
|  31|0x0000000704600000, 0x0000000704600000, 0x0000000704800000|  0%| F|  |TAMS 0x0000000704600000, 0x0000000704600000| Untracked 
|  32|0x0000000704800000, 0x0000000704800000, 0x0000000704a00000|  0%| F|  |TAMS 0x0000000704800000, 0x0000000704800000| Untracked 
|  33|0x0000000704a00000, 0x0000000704a00000, 0x0000000704c00000|  0%| F|  |TAMS 0x0000000704a00000, 0x0000000704a00000| Untracked 
|  34|0x0000000704c00000, 0x0000000704c00000, 0x0000000704e00000|  0%| F|  |TAMS 0x0000000704c00000, 0x0000000704c00000| Untracked 
|  35|0x0000000704e00000, 0x0000000704e00000, 0x0000000705000000|  0%| F|  |TAMS 0x0000000704e00000, 0x0000000704e00000| Untracked 
|  36|0x0000000705000000, 0x0000000705000000, 0x0000000705200000|  0%| F|  |TAMS 0x0000000705000000, 0x0000000705000000| Untracked 
|  37|0x0000000705200000, 0x0000000705200000, 0x0000000705400000|  0%| F|  |TAMS 0x0000000705200000, 0x0000000705200000| Untracked 
|  38|0x0000000705400000, 0x0000000705400000, 0x0000000705600000|  0%| F|  |TAMS 0x0000000705400000, 0x0000000705400000| Untracked 
|  39|0x0000000705600000, 0x0000000705600000, 0x0000000705800000|  0%| F|  |TAMS 0x0000000705600000, 0x0000000705600000| Untracked 
|  40|0x0000000705800000, 0x0000000705800000, 0x0000000705a00000|  0%| F|  |TAMS 0x0000000705800000, 0x0000000705800000| Untracked 
|  41|0x0000000705a00000, 0x0000000705a00000, 0x0000000705c00000|  0%| F|  |TAMS 0x0000000705a00000, 0x0000000705a00000| Untracked 
|  42|0x0000000705c00000, 0x0000000705c00000, 0x0000000705e00000|  0%| F|  |TAMS 0x0000000705c00000, 0x0000000705c00000| Untracked 
|  43|0x0000000705e00000, 0x0000000705e00000, 0x0000000706000000|  0%| F|  |TAMS 0x0000000705e00000, 0x0000000705e00000| Untracked 
|  44|0x0000000706000000, 0x0000000706000000, 0x0000000706200000|  0%| F|  |TAMS 0x0000000706000000, 0x0000000706000000| Untracked 
|  45|0x0000000706200000, 0x0000000706200000, 0x0000000706400000|  0%| F|  |TAMS 0x0000000706200000, 0x0000000706200000| Untracked 
|  46|0x0000000706400000, 0x0000000706400000, 0x0000000706600000|  0%| F|  |TAMS 0x0000000706400000, 0x0000000706400000| Untracked 
|  47|0x0000000706600000, 0x0000000706600000, 0x0000000706800000|  0%| F|  |TAMS 0x0000000706600000, 0x0000000706600000| Untracked 
|  48|0x0000000706800000, 0x0000000706800000, 0x0000000706a00000|  0%| F|  |TAMS 0x0000000706800000, 0x0000000706800000| Untracked 
|  49|0x0000000706a00000, 0x0000000706a00000, 0x0000000706c00000|  0%| F|  |TAMS 0x0000000706a00000, 0x0000000706a00000| Untracked 
|  50|0x0000000706c00000, 0x0000000706c00000, 0x0000000706e00000|  0%| F|  |TAMS 0x0000000706c00000, 0x0000000706c00000| Untracked 
|  51|0x0000000706e00000, 0x0000000706e00000, 0x0000000707000000|  0%| F|  |TAMS 0x0000000706e00000, 0x0000000706e00000| Untracked 
|  52|0x0000000707000000, 0x0000000707000000, 0x0000000707200000|  0%| F|  |TAMS 0x0000000707000000, 0x0000000707000000| Untracked 
|  53|0x0000000707200000, 0x0000000707200000, 0x0000000707400000|  0%| F|  |TAMS 0x0000000707200000, 0x0000000707200000| Untracked 
|  54|0x0000000707400000, 0x0000000707400000, 0x0000000707600000|  0%| F|  |TAMS 0x0000000707400000, 0x0000000707400000| Untracked 
|  55|0x0000000707600000, 0x0000000707600000, 0x0000000707800000|  0%| F|  |TAMS 0x0000000707600000, 0x0000000707600000| Untracked 
|  56|0x0000000707800000, 0x0000000707800000, 0x0000000707a00000|  0%| F|  |TAMS 0x0000000707800000, 0x0000000707800000| Untracked 
|  57|0x0000000707a00000, 0x0000000707a00000, 0x0000000707c00000|  0%| F|  |TAMS 0x0000000707a00000, 0x0000000707a00000| Untracked 
|  58|0x0000000707c00000, 0x0000000707c00000, 0x0000000707e00000|  0%| F|  |TAMS 0x0000000707c00000, 0x0000000707c00000| Untracked 
|  59|0x0000000707e00000, 0x0000000707e00000, 0x0000000708000000|  0%| F|  |TAMS 0x0000000707e00000, 0x0000000707e00000| Untracked 
|  60|0x0000000708000000, 0x0000000708000000, 0x0000000708200000|  0%| F|  |TAMS 0x0000000708000000, 0x0000000708000000| Untracked 
|  61|0x0000000708200000, 0x0000000708200000, 0x0000000708400000|  0%| F|  |TAMS 0x0000000708200000, 0x0000000708200000| Untracked 
|  62|0x0000000708400000, 0x0000000708400000, 0x0000000708600000|  0%| F|  |TAMS 0x0000000708400000, 0x0000000708400000| Untracked 
|  63|0x0000000708600000, 0x0000000708600000, 0x0000000708800000|  0%| F|  |TAMS 0x0000000708600000, 0x0000000708600000| Untracked 
|  64|0x0000000708800000, 0x0000000708800000, 0x0000000708a00000|  0%| F|  |TAMS 0x0000000708800000, 0x0000000708800000| Untracked 
|  65|0x0000000708a00000, 0x0000000708a00000, 0x0000000708c00000|  0%| F|  |TAMS 0x0000000708a00000, 0x0000000708a00000| Untracked 
|  66|0x0000000708c00000, 0x0000000708c00000, 0x0000000708e00000|  0%| F|  |TAMS 0x0000000708c00000, 0x0000000708c00000| Untracked 
|  67|0x0000000708e00000, 0x0000000708e00000, 0x0000000709000000|  0%| F|  |TAMS 0x0000000708e00000, 0x0000000708e00000| Untracked 
|  68|0x0000000709000000, 0x0000000709000000, 0x0000000709200000|  0%| F|  |TAMS 0x0000000709000000, 0x0000000709000000| Untracked 
|  69|0x0000000709200000, 0x0000000709200000, 0x0000000709400000|  0%| F|  |TAMS 0x0000000709200000, 0x0000000709200000| Untracked 
|  70|0x0000000709400000, 0x0000000709400000, 0x0000000709600000|  0%| F|  |TAMS 0x0000000709400000, 0x0000000709400000| Untracked 
|  71|0x0000000709600000, 0x0000000709600000, 0x0000000709800000|  0%| F|  |TAMS 0x0000000709600000, 0x0000000709600000| Untracked 
|  72|0x0000000709800000, 0x0000000709800000, 0x0000000709a00000|  0%| F|  |TAMS 0x0000000709800000, 0x0000000709800000| Untracked 
|  73|0x0000000709a00000, 0x0000000709a00000, 0x0000000709c00000|  0%| F|  |TAMS 0x0000000709a00000, 0x0000000709a00000| Untracked 
|  74|0x0000000709c00000, 0x0000000709c00000, 0x0000000709e00000|  0%| F|  |TAMS 0x0000000709c00000, 0x0000000709c00000| Untracked 
|  75|0x0000000709e00000, 0x0000000709e00000, 0x000000070a000000|  0%| F|  |TAMS 0x0000000709e00000, 0x0000000709e00000| Untracked 
|  76|0x000000070a000000, 0x000000070a000000, 0x000000070a200000|  0%| F|  |TAMS 0x000000070a000000, 0x000000070a000000| Untracked 
|  77|0x000000070a200000, 0x000000070a200000, 0x000000070a400000|  0%| F|  |TAMS 0x000000070a200000, 0x000000070a200000| Untracked 
|  78|0x000000070a400000, 0x000000070a400000, 0x000000070a600000|  0%| F|  |TAMS 0x000000070a400000, 0x000000070a400000| Untracked 
|  79|0x000000070a600000, 0x000000070a600000, 0x000000070a800000|  0%| F|  |TAMS 0x000000070a600000, 0x000000070a600000| Untracked 
|  80|0x000000070a800000, 0x000000070a800000, 0x000000070aa00000|  0%| F|  |TAMS 0x000000070a800000, 0x000000070a800000| Untracked 
|  81|0x000000070aa00000, 0x000000070aa00000, 0x000000070ac00000|  0%| F|  |TAMS 0x000000070aa00000, 0x000000070aa00000| Untracked 
|  82|0x000000070ac00000, 0x000000070ac00000, 0x000000070ae00000|  0%| F|  |TAMS 0x000000070ac00000, 0x000000070ac00000| Untracked 
|  83|0x000000070ae00000, 0x000000070ae00000, 0x000000070b000000|  0%| F|  |TAMS 0x000000070ae00000, 0x000000070ae00000| Untracked 
|  84|0x000000070b000000, 0x000000070b000000, 0x000000070b200000|  0%| F|  |TAMS 0x000000070b000000, 0x000000070b000000| Untracked 
|  85|0x000000070b200000, 0x000000070b200000, 0x000000070b400000|  0%| F|  |TAMS 0x000000070b200000, 0x000000070b200000| Untracked 
|  86|0x000000070b400000, 0x000000070b400000, 0x000000070b600000|  0%| F|  |TAMS 0x000000070b400000, 0x000000070b400000| Untracked 
|  87|0x000000070b600000, 0x000000070b600000, 0x000000070b800000|  0%| F|  |TAMS 0x000000070b600000, 0x000000070b600000| Untracked 
|  88|0x000000070b800000, 0x000000070b800000, 0x000000070ba00000|  0%| F|  |TAMS 0x000000070b800000, 0x000000070b800000| Untracked 
|  89|0x000000070ba00000, 0x000000070ba00000, 0x000000070bc00000|  0%| F|  |TAMS 0x000000070ba00000, 0x000000070ba00000| Untracked 
|  90|0x000000070bc00000, 0x000000070bc00000, 0x000000070be00000|  0%| F|  |TAMS 0x000000070bc00000, 0x000000070bc00000| Untracked 
|  91|0x000000070be00000, 0x000000070be00000, 0x000000070c000000|  0%| F|  |TAMS 0x000000070be00000, 0x000000070be00000| Untracked 
|  92|0x000000070c000000, 0x000000070c000000, 0x000000070c200000|  0%| F|  |TAMS 0x000000070c000000, 0x000000070c000000| Untracked 
|  93|0x000000070c200000, 0x000000070c200000, 0x000000070c400000|  0%| F|  |TAMS 0x000000070c200000, 0x000000070c200000| Untracked 
|  94|0x000000070c400000, 0x000000070c400000, 0x000000070c600000|  0%| F|  |TAMS 0x000000070c400000, 0x000000070c400000| Untracked 
|  95|0x000000070c600000, 0x000000070c600000, 0x000000070c800000|  0%| F|  |TAMS 0x000000070c600000, 0x000000070c600000| Untracked 
|  96|0x000000070c800000, 0x000000070c800000, 0x000000070ca00000|  0%| F|  |TAMS 0x000000070c800000, 0x000000070c800000| Untracked 
|  97|0x000000070ca00000, 0x000000070ca00000, 0x000000070cc00000|  0%| F|  |TAMS 0x000000070ca00000, 0x000000070ca00000| Untracked 
|  98|0x000000070cc00000, 0x000000070cc00000, 0x000000070ce00000|  0%| F|  |TAMS 0x000000070cc00000, 0x000000070cc00000| Untracked 
|  99|0x000000070ce00000, 0x000000070ce00000, 0x000000070d000000|  0%| F|  |TAMS 0x000000070ce00000, 0x000000070ce00000| Untracked 
| 100|0x000000070d000000, 0x000000070d000000, 0x000000070d200000|  0%| F|  |TAMS 0x000000070d000000, 0x000000070d000000| Untracked 
| 101|0x000000070d200000, 0x000000070d200000, 0x000000070d400000|  0%| F|  |TAMS 0x000000070d200000, 0x000000070d200000| Untracked 
| 102|0x000000070d400000, 0x000000070d400000, 0x000000070d600000|  0%| F|  |TAMS 0x000000070d400000, 0x000000070d400000| Untracked 
| 103|0x000000070d600000, 0x000000070d600000, 0x000000070d800000|  0%| F|  |TAMS 0x000000070d600000, 0x000000070d600000| Untracked 
| 104|0x000000070d800000, 0x000000070d800000, 0x000000070da00000|  0%| F|  |TAMS 0x000000070d800000, 0x000000070d800000| Untracked 
| 105|0x000000070da00000, 0x000000070da00000, 0x000000070dc00000|  0%| F|  |TAMS 0x000000070da00000, 0x000000070da00000| Untracked 
| 106|0x000000070dc00000, 0x000000070dc00000, 0x000000070de00000|  0%| F|  |TAMS 0x000000070dc00000, 0x000000070dc00000| Untracked 
| 107|0x000000070de00000, 0x000000070de00000, 0x000000070e000000|  0%| F|  |TAMS 0x000000070de00000, 0x000000070de00000| Untracked 
| 108|0x000000070e000000, 0x000000070e000000, 0x000000070e200000|  0%| F|  |TAMS 0x000000070e000000, 0x000000070e000000| Untracked 
| 109|0x000000070e200000, 0x000000070e200000, 0x000000070e400000|  0%| F|  |TAMS 0x000000070e200000, 0x000000070e200000| Untracked 
| 110|0x000000070e400000, 0x000000070e400000, 0x000000070e600000|  0%| F|  |TAMS 0x000000070e400000, 0x000000070e400000| Untracked 
| 111|0x000000070e600000, 0x000000070e600000, 0x000000070e800000|  0%| F|  |TAMS 0x000000070e600000, 0x000000070e600000| Untracked 
| 112|0x000000070e800000, 0x000000070e800000, 0x000000070ea00000|  0%| F|  |TAMS 0x000000070e800000, 0x000000070e800000| Untracked 
| 113|0x000000070ea00000, 0x000000070ea00000, 0x000000070ec00000|  0%| F|  |TAMS 0x000000070ea00000, 0x000000070ea00000| Untracked 
| 114|0x000000070ec00000, 0x000000070ec00000, 0x000000070ee00000|  0%| F|  |TAMS 0x000000070ec00000, 0x000000070ec00000| Untracked 
| 115|0x000000070ee00000, 0x000000070ee00000, 0x000000070f000000|  0%| F|  |TAMS 0x000000070ee00000, 0x000000070ee00000| Untracked 
| 116|0x000000070f000000, 0x000000070f000000, 0x000000070f200000|  0%| F|  |TAMS 0x000000070f000000, 0x000000070f000000| Untracked 
| 117|0x000000070f200000, 0x000000070f200000, 0x000000070f400000|  0%| F|  |TAMS 0x000000070f200000, 0x000000070f200000| Untracked 
| 118|0x000000070f400000, 0x000000070f400000, 0x000000070f600000|  0%| F|  |TAMS 0x000000070f400000, 0x000000070f400000| Untracked 
| 119|0x000000070f600000, 0x000000070f600000, 0x000000070f800000|  0%| F|  |TAMS 0x000000070f600000, 0x000000070f600000| Untracked 
| 120|0x000000070f800000, 0x000000070f800000, 0x000000070fa00000|  0%| F|  |TAMS 0x000000070f800000, 0x000000070f800000| Untracked 
| 121|0x000000070fa00000, 0x000000070fa00000, 0x000000070fc00000|  0%| F|  |TAMS 0x000000070fa00000, 0x000000070fa00000| Untracked 
| 122|0x000000070fc00000, 0x000000070fc00000, 0x000000070fe00000|  0%| F|  |TAMS 0x000000070fc00000, 0x000000070fc00000| Untracked 
| 123|0x000000070fe00000, 0x000000070fe00000, 0x0000000710000000|  0%| F|  |TAMS 0x000000070fe00000, 0x000000070fe00000| Untracked 
| 124|0x0000000710000000, 0x0000000710000000, 0x0000000710200000|  0%| F|  |TAMS 0x0000000710000000, 0x0000000710000000| Untracked 
| 125|0x0000000710200000, 0x0000000710200000, 0x0000000710400000|  0%| F|  |TAMS 0x0000000710200000, 0x0000000710200000| Untracked 
| 126|0x0000000710400000, 0x0000000710400000, 0x0000000710600000|  0%| F|  |TAMS 0x0000000710400000, 0x0000000710400000| Untracked 
| 127|0x0000000710600000, 0x0000000710771010, 0x0000000710800000| 72%| E|  |TAMS 0x0000000710600000, 0x0000000710600000| Complete 

Card table byte_map: [0x000001d0e3290000,0x000001d0e3a90000] _byte_map_base: 0x000001d0dfa8c000

Marking Bits (Prev, Next): (CMBitMap*) 0x000001d0cc27fbe0, (CMBitMap*) 0x000001d0cc27fc20
 Prev Bits: [0x000001d0e4290000, 0x000001d0e8270000)
 Next Bits: [0x000001d0e8270000, 0x000001d0ec250000)

Polling page: 0x000001d0ca3c0000

Metaspace:

Usage:
  Non-class:    329.84 KB used.
      Class:     23.72 KB used.
       Both:    353.55 KB used.

Virtual space:
  Non-class space:        8.00 MB reserved,     384.00 KB (  5%) committed,  1 nodes.
      Class space:        1.00 GB reserved,     128.00 KB ( <1%) committed,  1 nodes.
             Both:        1.01 GB reserved,     512.00 KB ( <1%) committed. 

Chunk freelists:
   Non-Class:  3.95 MB
       Class:  3.74 MB
        Both:  7.70 MB

MaxMetaspaceSize: unlimited
CompressedClassSpaceSize: 1.00 GB
Initial GC threshold: 21.00 MB
Current GC threshold: 21.00 MB
CDS: on
MetaspaceReclaimPolicy: balanced
 - commit_granule_bytes: 65536.
 - commit_granule_words: 8192.
 - virtual_space_node_default_size: 1048576.
 - enlarge_chunks_in_place: 1.
 - new_chunks_are_fully_committed: 0.
 - uncommit_free_chunks: 1.
 - use_allocation_guard: 0.
 - handle_deallocations: 1.


Internal statistics:

num_allocs_failed_limit: 0.
num_arena_births: 4.
num_arena_deaths: 0.
num_vsnodes_births: 2.
num_vsnodes_deaths: 0.
num_space_committed: 8.
num_space_uncommitted: 0.
num_chunks_returned_to_freelist: 0.
num_chunks_taken_from_freelist: 10.
num_chunk_merges: 0.
num_chunk_splits: 4.
num_chunks_enlarged: 4.
num_purges: 0.
num_inconsistent_stats: 0.

CodeHeap 'non-profiled nmethods': size=120000Kb used=17Kb max_used=17Kb free=119982Kb
 bounds [0x000001d0db560000, 0x000001d0db7d0000, 0x000001d0e2a90000]
CodeHeap 'profiled nmethods': size=120000Kb used=128Kb max_used=128Kb free=119871Kb
 bounds [0x000001d0d4030000, 0x000001d0d42a0000, 0x000001d0db560000]
CodeHeap 'non-nmethods': size=5760Kb used=1059Kb max_used=1071Kb free=4700Kb
 bounds [0x000001d0d3a90000, 0x000001d0d3d00000, 0x000001d0d4030000]
 total_blobs=418 nmethods=96 adapters=235
 compilation: enabled
              stopped_count=0, restarted_count=0
 full_count=0

Compilation events (20 events):
Event: 0.085 Thread 0x000001d0ee73a2b0 nmethod 89 0x000001d0d404c910 code [0x000001d0d404cac0, 0x000001d0d404cd28]
Event: 0.085 Thread 0x000001d0ee73a2b0   85   !   3       java.nio.DirectByteBuffer::get (34 bytes)
Event: 0.086 Thread 0x000001d0ee73a2b0 nmethod 85 0x000001d0d404ce90 code [0x000001d0d404d0c0, 0x000001d0d404d8b8]
Event: 0.086 Thread 0x000001d0ee73a2b0   86       3       java.nio.DirectByteBuffer::ix (10 bytes)
Event: 0.086 Thread 0x000001d0ee73a2b0 nmethod 86 0x000001d0d404dd10 code [0x000001d0d404dea0, 0x000001d0d404dfb8]
Event: 0.086 Thread 0x000001d0ee73a2b0   87   !   3       jdk.internal.misc.ScopedMemoryAccess::getByte (20 bytes)
Event: 0.086 Thread 0x000001d0ee739070 nmethod 88 0x000001d0db563990 code [0x000001d0db563b20, 0x000001d0db563c08]
Event: 0.086 Thread 0x000001d0ee739070   91       4       java.lang.ref.Reference::reachabilityFence (1 bytes)
Event: 0.086 Thread 0x000001d0ee73a2b0 nmethod 87 0x000001d0d404e090 code [0x000001d0d404e260, 0x000001d0d404e6b8]
Event: 0.086 Thread 0x000001d0ee73a2b0   92       1       java.nio.Buffer::limit (5 bytes)
Event: 0.087 Thread 0x000001d0ee73a2b0 nmethod 92 0x000001d0db563d10 code [0x000001d0db563ea0, 0x000001d0db563f78]
Event: 0.087 Thread 0x000001d0ee739070 nmethod 91 0x000001d0db564010 code [0x000001d0db564180, 0x000001d0db5641d8]
Event: 0.088 Thread 0x000001d0ee73a2b0   93       3       java.io.WinNTFileSystem::isSlash (18 bytes)
Event: 0.088 Thread 0x000001d0ee73a2b0 nmethod 93 0x000001d0d404e890 code [0x000001d0d404ea20, 0x000001d0d404ebb8]
Event: 0.089 Thread 0x000001d0ee73a2b0   94       3       java.lang.CharacterDataLatin1::toLowerCase (39 bytes)
Event: 0.089 Thread 0x000001d0ee73a2b0 nmethod 94 0x000001d0d404ec90 code [0x000001d0d404ee40, 0x000001d0d404f098]
Event: 0.091 Thread 0x000001d0ee73a2b0   95       1       java.util.zip.Inflater$InflaterZStreamRef::address (5 bytes)
Event: 0.091 Thread 0x000001d0ee73a2b0 nmethod 95 0x000001d0db564310 code [0x000001d0db5644a0, 0x000001d0db564578]
Event: 0.095 Thread 0x000001d0ee73a2b0   96       3       java.util.concurrent.ConcurrentHashMap::get (162 bytes)
Event: 0.096 Thread 0x000001d0ee73a2b0 nmethod 96 0x000001d0d404f190 code [0x000001d0d404f3e0, 0x000001d0d404fee8]

GC Heap History (0 events):
No events

Deoptimization events (0 events):
No events

Classes unloaded (0 events):
No events

Classes redefined (0 events):
No events

Internal exceptions (0 events):
No events

VM Operations (2 events):
Event: 0.074 Executing VM operation: HandshakeAllThreads
Event: 0.074 Executing VM operation: HandshakeAllThreads done

Events (20 events):
Event: 0.087 loading class sun/net/www/protocol/jar/JarURLConnection done
Event: 0.087 loading class sun/net/www/protocol/jar/JarFileFactory
Event: 0.087 loading class sun/net/www/protocol/jar/URLJarFile$URLJarFileCloseController
Event: 0.087 loading class sun/net/www/protocol/jar/URLJarFile$URLJarFileCloseController done
Event: 0.088 loading class sun/net/www/protocol/jar/JarFileFactory done
Event: 0.088 loading class sun/net/www/protocol/file/FileURLConnection
Event: 0.088 loading class sun/net/www/URLConnection
Event: 0.088 loading class sun/net/www/URLConnection done
Event: 0.088 loading class sun/net/www/protocol/file/FileURLConnection done
Event: 0.088 loading class sun/net/www/MessageHeader
Event: 0.088 loading class sun/net/www/MessageHeader done
Event: 0.088 loading class sun/net/www/protocol/jar/URLJarFile
Event: 0.088 loading class sun/net/www/protocol/jar/URLJarFile done
Event: 0.089 loading class sun/net/www/protocol/jar/URLJarFile$URLJarFileEntry
Event: 0.089 loading class sun/net/www/protocol/jar/URLJarFile$URLJarFileEntry done
Event: 0.089 loading class sun/net/www/protocol/jar/JarURLConnection$JarURLInputStream
Event: 0.089 loading class sun/net/www/protocol/jar/JarURLConnection$JarURLInputStream done
Event: 0.091 loading class java/io/FileOutputStream$1
Event: 0.091 loading class java/io/FileOutputStream$1 done
Event: 0.095 Loaded shared library C:\Users\Durandt\.jssc\windows\jSSC-2.7_x86_64.dll


Dynamic libraries:
0x00007ff736910000 - 0x00007ff736920000 	C:\Program Files\Java\jdk-17.0.2\bin\java.exe
0x00007ffd72e70000 - 0x00007ffd73065000 	C:\WINDOWS\SYSTEM32\ntdll.dll
0x00007ffd71760000 - 0x00007ffd7181d000 	C:\WINDOWS\System32\KERNEL32.DLL
0x00007ffd70af0000 - 0x00007ffd70dbd000 	C:\WINDOWS\System32\KERNELBASE.dll
0x00007ffd70dc0000 - 0x00007ffd70ec0000 	C:\WINDOWS\System32\ucrtbase.dll
0x00007ffd64710000 - 0x00007ffd6472a000 	C:\Program Files\Java\jdk-17.0.2\bin\VCRUNTIME140.dll
0x00007ffd5fca0000 - 0x00007ffd5fcb8000 	C:\Program Files\Java\jdk-17.0.2\bin\jli.dll
0x00007ffd70f60000 - 0x00007ffd7100e000 	C:\WINDOWS\System32\ADVAPI32.dll
0x00007ffd70ec0000 - 0x00007ffd70f5e000 	C:\WINDOWS\System32\msvcrt.dll
0x00007ffd72430000 - 0x00007ffd724cc000 	C:\WINDOWS\System32\sechost.dll
0x00007ffd724d0000 - 0x00007ffd725f5000 	C:\WINDOWS\System32\RPCRT4.dll
0x00007ffd72600000 - 0x00007ffd727a0000 	C:\WINDOWS\System32\USER32.dll
0x00007ffd708b0000 - 0x00007ffd708d2000 	C:\WINDOWS\System32\win32u.dll
0x00007ffd68530000 - 0x00007ffd687ca000 	C:\WINDOWS\WinSxS\amd64_microsoft.windows.common-controls_6595b64144ccf1df_6.0.19041.1110_none_60b5254171f9507e\COMCTL32.dll
0x00007ffd720f0000 - 0x00007ffd7211a000 	C:\WINDOWS\System32\GDI32.dll
0x00007ffd70690000 - 0x00007ffd7079b000 	C:\WINDOWS\System32\gdi32full.dll
0x00007ffd70810000 - 0x00007ffd708ad000 	C:\WINDOWS\System32\msvcp_win.dll
0x00007ffd6a690000 - 0x00007ffd6a69a000 	C:\WINDOWS\SYSTEM32\VERSION.dll
0x00007ffd71a80000 - 0x00007ffd71ab0000 	C:\WINDOWS\System32\IMM32.DLL
0x00007ffd6d3c0000 - 0x00007ffd6d3cc000 	C:\Program Files\Java\jdk-17.0.2\bin\vcruntime140_1.dll
0x00007ffd12930000 - 0x00007ffd129bd000 	C:\Program Files\Java\jdk-17.0.2\bin\msvcp140.dll
0x00007ffcfcb90000 - 0x00007ffcfd751000 	C:\Program Files\Java\jdk-17.0.2\bin\server\jvm.dll
0x00007ffd72120000 - 0x00007ffd72128000 	C:\WINDOWS\System32\PSAPI.DLL
0x00007ffd59a90000 - 0x00007ffd59a99000 	C:\WINDOWS\SYSTEM32\WSOCK32.dll
0x00007ffd684f0000 - 0x00007ffd68517000 	C:\WINDOWS\SYSTEM32\WINMM.dll
0x00007ffd72080000 - 0x00007ffd720eb000 	C:\WINDOWS\System32\WS2_32.dll
0x00007ffd6e460000 - 0x00007ffd6e472000 	C:\WINDOWS\SYSTEM32\kernel.appcore.dll
0x00007ffd6a6f0000 - 0x00007ffd6a6fa000 	C:\Program Files\Java\jdk-17.0.2\bin\jimage.dll
0x00007ffd59de0000 - 0x00007ffd59fc4000 	C:\WINDOWS\SYSTEM32\DBGHELP.DLL
0x00007ffd59a00000 - 0x00007ffd59a2c000 	C:\WINDOWS\SYSTEM32\dbgcore.DLL
0x00007ffd70600000 - 0x00007ffd70682000 	C:\WINDOWS\System32\bcryptPrimitives.dll
0x00007ffd5e440000 - 0x00007ffd5e465000 	C:\Program Files\Java\jdk-17.0.2\bin\java.dll
0x00007ffd13e50000 - 0x00007ffd13f26000 	C:\Program Files\Java\jdk-17.0.2\bin\jsvml.dll
0x00007ffd71010000 - 0x00007ffd71754000 	C:\WINDOWS\System32\SHELL32.dll
0x00007ffd6e660000 - 0x00007ffd6edf4000 	C:\WINDOWS\SYSTEM32\windows.storage.dll
0x00007ffd71ab0000 - 0x00007ffd71e04000 	C:\WINDOWS\System32\combase.dll
0x00007ffd6fe30000 - 0x00007ffd6fe5c000 	C:\WINDOWS\SYSTEM32\Wldp.dll
0x00007ffd71fd0000 - 0x00007ffd7207d000 	C:\WINDOWS\System32\SHCORE.dll
0x00007ffd72230000 - 0x00007ffd72285000 	C:\WINDOWS\System32\shlwapi.dll
0x00007ffd704c0000 - 0x00007ffd704df000 	C:\WINDOWS\SYSTEM32\profapi.dll
0x00007ffd632d0000 - 0x00007ffd632e9000 	C:\Program Files\Java\jdk-17.0.2\bin\net.dll
0x00007ffd652c0000 - 0x00007ffd653ca000 	C:\WINDOWS\SYSTEM32\WINHTTP.dll
0x00007ffd6fc10000 - 0x00007ffd6fc7a000 	C:\WINDOWS\system32\mswsock.dll
0x00007ffd5fb60000 - 0x00007ffd5fb76000 	C:\Program Files\Java\jdk-17.0.2\bin\nio.dll
0x00007ffd5c500000 - 0x00007ffd5c518000 	C:\Program Files\Java\jdk-17.0.2\bin\zip.dll
0x00007ffd690a0000 - 0x00007ffd690b0000 	C:\Program Files\Java\jdk-17.0.2\bin\verify.dll
0x000000006ec40000 - 0x000000006ec65000 	C:\Users\Durandt\.jssc\windows\jSSC-2.7_x86_64.dll

dbghelp: loaded successfully - version: 4.0.5 - missing functions: none
symbol engine: initialized successfully - sym options: 0x614 - pdb path: .;C:\Program Files\Java\jdk-17.0.2\bin;C:\WINDOWS\SYSTEM32;C:\WINDOWS\WinSxS\amd64_microsoft.windows.common-controls_6595b64144ccf1df_6.0.19041.1110_none_60b5254171f9507e;C:\Program Files\Java\jdk-17.0.2\bin\server;C:\Users\Durandt\.jssc\windows

VM Arguments:
java_command: com.mycompany.scalereader.main
java_class_path (initial): C:\Users\Durandt\Documents\NetBeansProjects\ScaleReader\target\classes;C:\Users\Durandt\.m2\repository\1\1\1.0\1-1.0.jar;C:\Users\Durandt\.m2\repository\org\jSSC\jSSC\2.70\jSSC-2.70.jar
Launcher Type: SUN_STANDARD

[Global flags]
     intx CICompilerCount                          = 3                                         {product} {ergonomic}
     uint ConcGCThreads                            = 1                                         {product} {ergonomic}
     uint G1ConcRefinementThreads                  = 4                                         {product} {ergonomic}
   size_t G1HeapRegionSize                         = 2097152                                   {product} {ergonomic}
    uintx GCDrainStackTargetSize                   = 64                                        {product} {ergonomic}
   size_t InitialHeapSize                          = 268435456                                 {product} {ergonomic}
   size_t MarkStackSize                            = 4194304                                   {product} {ergonomic}
   size_t MaxHeapSize                              = 4286578688                                {product} {ergonomic}
   size_t MaxNewSize                               = 2571108352                                {product} {ergonomic}
   size_t MinHeapDeltaBytes                        = 2097152                                   {product} {ergonomic}
   size_t MinHeapSize                              = 8388608                                   {product} {ergonomic}
    uintx NonNMethodCodeHeapSize                   = 5832780                                {pd product} {ergonomic}
    uintx NonProfiledCodeHeapSize                  = 122912730                              {pd product} {ergonomic}
    uintx ProfiledCodeHeapSize                     = 122912730                              {pd product} {ergonomic}
    uintx ReservedCodeCacheSize                    = 251658240                              {pd product} {ergonomic}
     bool SegmentedCodeCache                       = true                                      {product} {ergonomic}
   size_t SoftMaxHeapSize                          = 4286578688                             {manageable} {ergonomic}
     bool UseCompressedClassPointers               = true                           {product lp64_product} {ergonomic}
     bool UseCompressedOops                        = true                           {product lp64_product} {ergonomic}
     bool UseG1GC                                  = true                                      {product} {ergonomic}
     bool UseLargePagesIndividualAllocation        = false                                  {pd product} {ergonomic}

Logging:
Log output configuration:
 #0: stdout all=warning uptime,level,tags
 #1: stderr all=off uptime,level,tags

Environment Variables:
JAVA_HOME=C:\Program Files\Java\jdk-17.0.2
PATH=C:\Users\Durandt\AppData\Local\Programs\Python\Python310\Scripts\;C:\Users\Durandt\AppData\Local\Programs\Python\Python310\;C:\Program Files (x86)\Intel\oneAPI\tbb\latest\redist\intel64\vc_mt\;C:\Program Files (x86)\Intel\oneAPI\tbb\latest\redist\ia32\vc_mt\;C:\Program Files (x86)\Intel\oneAPI\compiler\latest\windows\redist\intel64_win\compiler;C:\Program Files (x86)\Intel\oneAPI\compiler\latest\windows\redist\ia32_win\compiler;C:\Program Files\Common Files\Oracle\Java\javapath;C:\Program Files (x86)\NVIDIA Corporation\PhysX\Common;C:\Program Files (x86)\Common Files\Oracle\Java\javapath;C:\WINDOWS\system32;C:\WINDOWS;C:\WINDOWS\System32\Wbem;C:\WINDOWS\System32\WindowsPowerShell\v1.0\;C:\WINDOWS\System32\OpenSSH\;C:\Program Files (x86)\Windows Kits\8.1\Windows Performance Toolkit\;C:\Program Files\nodejs\;C:\ProgramData\chocolatey\bin;C:\Program Files\Git\cmd;C:\Program Files\Docker\Docker\resources\bin;C:\ProgramData\DockerDesktop\version-bin;C:\Windows\SysWOW64;C:\Program Files\MySQL\MySQL Shell 8.0\bin\;C:\Users\Durandt\AppData\Local\Microsoft\WindowsApps;C:\Users\Durandt\Documents\flutter\bin;C:\Users\Durandt\AppData\Roaming\npm;C:\Users\Durandt\AppData\Local\Programs\Microsoft VS Code\bin;C:\Users\Durandt\AppData\Local\GitHubDesktop\bin;C:\Windows\SysWOW64;
USERNAME=Durandt
OS=Windows_NT
PROCESSOR_IDENTIFIER=Intel64 Family 6 Model 42 Stepping 7, GenuineIntel



---------------  S Y S T E M  ---------------

OS:
 Windows 10 , 64 bit Build 19041 (10.0.19041.1706)
OS uptime: 11 days 9:31 hours
Hyper-V role detected

CPU: total 4 (initial active 4) (4 cores per cpu, 1 threads per core) family 6 model 42 stepping 7 microcode 0x2f, cx8, cmov, fxsr, mmx, sse, sse2, sse3, ssse3, sse4.1, sse4.2, popcnt, tsc, tscinvbit, avx, aes, clmul, vzeroupper, clflush, hv

Memory: 4k page, system-wide physical 16345M (7603M free)
TotalPageFile size 42293M (AvailPageFile size 28067M)
current process WorkingSet (physical memory assigned to process): 29M, peak: 29M
current process commit charge ("private bytes"): 334M, peak: 334M

vm_info: Java HotSpot(TM) 64-Bit Server VM (17.0.2+8-LTS-86) for windows-amd64 JRE (17.0.2+8-LTS-86), built on Dec  7 2021 21:51:03 by "mach5one" with MS VC++ 16.8 / 16.9 (VS2019)

END.
